d:\subject\рис\lab\lab2\serveru\serveru\debug\serveru.pch
d:\subject\рис\lab\lab2\serveru\serveru\debug\vc141.pdb
d:\subject\рис\lab\lab2\serveru\serveru\debug\vc141.idb
d:\subject\рис\lab\lab2\serveru\serveru\debug\stdafx.obj
d:\subject\рис\lab\lab2\serveru\serveru\debug\serveru.obj
d:\subject\рис\lab\lab2\serveru\debug\serveru.exe
d:\subject\рис\lab\lab2\serveru\debug\serveru.ilk
d:\subject\рис\lab\lab2\serveru\debug\serveru.pdb
d:\lab2\serveru\serveru\debug\serveru.obj
d:\lab2\serveru\serveru\debug\stdafx.obj
d:\lab2\serveru\serveru\debug\serveru.pch
d:\lab2\serveru\serveru\debug\vc120.idb
d:\lab2\serveru\serveru\debug\vc141.idb
d:\lab2\serveru\serveru\debug\vc120.pdb
d:\lab2\serveru\serveru\debug\vc141.pdb
d:\lab2\serveru\debug\serveru.pdb
d:\lab2\serveru\debug\serveru.exe
d:\lab2\serveru\debug\serveru.ilk
d:\lab2\serveru\serveru\debug\serveru.tlog\cl.command.1.tlog
d:\lab2\serveru\serveru\debug\serveru.tlog\cl.read.1.tlog
d:\lab2\serveru\serveru\debug\serveru.tlog\cl.write.1.tlog
d:\lab2\serveru\serveru\debug\serveru.tlog\link.command.1.tlog
d:\lab2\serveru\serveru\debug\serveru.tlog\link.delete.1.tlog
d:\lab2\serveru\serveru\debug\serveru.tlog\link.read.1.tlog
d:\lab2\serveru\serveru\debug\serveru.tlog\link.write.1.tlog
