d:\subject\рис\lab\lab2\clientu\clientu\debug\clientu.pch
d:\subject\рис\lab\lab2\clientu\clientu\debug\vc141.pdb
d:\subject\рис\lab\lab2\clientu\clientu\debug\vc141.idb
d:\subject\рис\lab\lab2\clientu\clientu\debug\stdafx.obj
d:\subject\рис\lab\lab2\clientu\clientu\debug\clientu.obj
d:\subject\рис\lab\lab2\clientu\debug\clientu.exe
d:\subject\рис\lab\lab2\clientu\debug\clientu.ilk
d:\subject\рис\lab\lab2\clientu\debug\clientu.pdb
d:\lab2\clientu\clientu\debug\clientu.obj
d:\lab2\clientu\clientu\debug\stdafx.obj
d:\lab2\clientu\clientu\debug\clientu.pch
d:\lab2\clientu\clientu\debug\vc120.idb
d:\lab2\clientu\clientu\debug\vc141.idb
d:\lab2\clientu\clientu\debug\vc120.pdb
d:\lab2\clientu\clientu\debug\vc141.pdb
d:\lab2\clientu\debug\clientu.pdb
d:\lab2\clientu\debug\clientu.exe
d:\lab2\clientu\debug\clientu.ilk
d:\lab2\clientu\clientu\debug\clientu.tlog\cl.command.1.tlog
d:\lab2\clientu\clientu\debug\clientu.tlog\cl.read.1.tlog
d:\lab2\clientu\clientu\debug\clientu.tlog\cl.write.1.tlog
d:\lab2\clientu\clientu\debug\clientu.tlog\link.command.1.tlog
d:\lab2\clientu\clientu\debug\clientu.tlog\link.delete.1.tlog
d:\lab2\clientu\clientu\debug\clientu.tlog\link.read.1.tlog
d:\lab2\clientu\clientu\debug\clientu.tlog\link.write.1.tlog
